<?xml version="1.0" encoding="UTF-8"?>
<!-- Generated by org.testng.reporters.JUnitReportReporter -->
<testsuite hostname="Azu" failures="0" tests="5" name="Oct30_TestNG.TestNG_4" time="2.424" errors="0" timestamp="2022-11-03T13:14:59 PDT" skipped="0">
  <testcase classname="Oct30_TestNG.TestNG_4" name="testcase4" time="0.359"/>
  <system-out/>
  <testcase classname="Oct30_TestNG.TestNG_4" name="testcase2" time="0.117"/>
  <system-out/>
  <testcase classname="Oct30_TestNG.TestNG_4" name="testcase1" time="1.024"/>
  <system-out/>
  <testcase classname="Oct30_TestNG.TestNG_4" name="testcase3" time="0.820"/>
  <system-out/>
  <testcase classname="Oct30_TestNG.TestNG_4" name="testcase5" time="0.104"/>
  <system-out/>
</testsuite> <!-- Oct30_TestNG.TestNG_4 -->
