<?xml version="1.0" encoding="UTF-8"?>
<!-- Generated by org.testng.reporters.JUnitReportReporter -->
<testsuite hostname="Azu" failures="0" tests="5" name="Oct30_TestNG.TestNG_8" time="9.982" errors="0" timestamp="2022-11-04T14:42:01 PDT" skipped="0">
  <testcase classname="Oct30_TestNG.TestNG_8" name="tc5" time="1.835"/>
  <system-out/>
  <testcase classname="Oct30_TestNG.TestNG_8" name="tc1" time="3.179"/>
  <system-out/>
  <testcase classname="Oct30_TestNG.TestNG_8" name="tc3" time="0.254"/>
  <system-out/>
  <testcase classname="Oct30_TestNG.TestNG_8" name="tc2" time="2.134"/>
  <system-out/>
  <testcase classname="Oct30_TestNG.TestNG_8" name="tc4" time="2.580"/>
  <system-out/>
</testsuite> <!-- Oct30_TestNG.TestNG_8 -->
