<?xml version="1.0" encoding="UTF-8"?>
<!-- Generated by org.testng.reporters.JUnitReportReporter -->
<testsuite hostname="Azu" failures="0" tests="5" name="Oct30_TestNG.TestNG_1" time="14.883" errors="0" timestamp="2022-11-02T11:47:04 PDT" skipped="0">
  <testcase classname="Oct30_TestNG.TestNG_1" name="testcase1" time="1.824"/>
  <system-out/>
  <testcase classname="Oct30_TestNG.TestNG_1" name="testcase2" time="2.283"/>
  <system-out/>
  <testcase classname="Oct30_TestNG.TestNG_1" name="testcase4" time="9.230"/>
  <system-out/>
  <testcase classname="Oct30_TestNG.TestNG_1" name="testcase3" time="0.644"/>
  <system-out/>
  <testcase classname="Oct30_TestNG.TestNG_1" name="testcase5" time="0.902"/>
  <system-out/>
</testsuite> <!-- Oct30_TestNG.TestNG_1 -->
