<?xml version="1.0" encoding="UTF-8"?>
<!-- Generated by org.testng.reporters.JUnitReportReporter -->
<testsuite hostname="Azu" failures="0" tests="1" name="nov12th_saturday.Multiple_Browser_Parameters1" time="8.101" errors="0" timestamp="2022-11-12T14:46:50 EST" skipped="0">
  <testcase classname="nov12th_saturday.Multiple_Browser_Parameters1" name="Rediff" time="8.101"/>
  <system-out/>
</testsuite> <!-- nov12th_saturday.Multiple_Browser_Parameters1 -->
