<?xml version="1.0" encoding="UTF-8"?>
<!-- Generated by org.testng.reporters.JUnitReportReporter -->
<testsuite hostname="Azu" failures="0" tests="2" name="Assignment_Nov6th.Assignment_2" time="2.032" errors="0" timestamp="2022-11-12T14:27:49 EST" skipped="0">
  <testcase classname="Assignment_Nov6th.Assignment_2" name="createAccount" time="1.227"/>
  <system-out/>
  <testcase classname="Assignment_Nov6th.Assignment_2" name="LaunchUrl" time="0.805"/>
  <system-out/>
</testsuite> <!-- Assignment_Nov6th.Assignment_2 -->
