<?xml version="1.0" encoding="UTF-8"?>
<!-- Generated by org.testng.reporters.JUnitReportReporter -->
<testsuite hostname="Azu" failures="0" tests="5" name="Oct30_TestNG.TestNG_1" time="18.131" errors="0" timestamp="2022-11-09T15:38:46 EST" skipped="0">
  <testcase classname="Oct30_TestNG.TestNG_1" name="testcase5" time="0.735"/>
  <system-out/>
  <testcase classname="Oct30_TestNG.TestNG_1" name="testcase1" time="2.345"/>
  <system-out/>
  <testcase classname="Oct30_TestNG.TestNG_1" name="testcase4" time="12.862"/>
  <system-out/>
  <testcase classname="Oct30_TestNG.TestNG_1" name="testcase3" time="0.121"/>
  <system-out/>
  <testcase classname="Oct30_TestNG.TestNG_1" name="testcase2" time="2.068"/>
  <system-out/>
</testsuite> <!-- Oct30_TestNG.TestNG_1 -->
