<?xml version="1.0" encoding="UTF-8"?>
<!-- Generated by org.testng.reporters.JUnitReportReporter -->
<testsuite hostname="Azu" failures="0" tests="5" name="Oct30_TestNG.TestNG_3" time="42.560" errors="0" timestamp="2022-11-02T15:24:44 PDT" skipped="0">
  <testcase classname="Oct30_TestNG.TestNG_3" name="testcase2" time="1.041"/>
  <system-out/>
  <testcase classname="Oct30_TestNG.TestNG_3" name="testcase1" time="16.166"/>
  <system-out/>
  <testcase classname="Oct30_TestNG.TestNG_3" name="testcase5" time="0.347"/>
  <system-out/>
  <testcase classname="Oct30_TestNG.TestNG_3" name="testcase4" time="10.410"/>
  <system-out/>
  <testcase classname="Oct30_TestNG.TestNG_3" name="testcase3" time="14.596"/>
  <system-out/>
</testsuite> <!-- Oct30_TestNG.TestNG_3 -->
