<?xml version="1.0" encoding="UTF-8"?>
<!-- Generated by org.testng.reporters.JUnitReportReporter -->
<testsuite hostname="Azu" failures="0" tests="5" name="Oct30_TestNG.TestNG_9" time="172.286" errors="0" timestamp="2022-11-04T15:04:45 PDT" skipped="0">
  <testcase classname="Oct30_TestNG.TestNG_9" name="test4" time="39.607"/>
  <system-out/>
  <testcase classname="Oct30_TestNG.TestNG_9" name="test1" time="7.560"/>
  <system-out/>
  <testcase classname="Oct30_TestNG.TestNG_9" name="test3" time="39.900"/>
  <system-out/>
  <testcase classname="Oct30_TestNG.TestNG_9" name="test5" time="46.781"/>
  <system-out/>
  <testcase classname="Oct30_TestNG.TestNG_9" name="test2" time="38.438"/>
  <system-out/>
</testsuite> <!-- Oct30_TestNG.TestNG_9 -->
