<?xml version="1.0" encoding="UTF-8"?>
<!-- Generated by org.testng.reporters.JUnitReportReporter -->
<testsuite hostname="Azu" failures="0" tests="1" name="Multiple_Browser_Practice.FaceBook" time="4.148" errors="0" timestamp="2022-11-12T16:47:51 EST" skipped="0">
  <testcase classname="Multiple_Browser_Practice.FaceBook" name="facebook" time="4.148"/>
  <system-out/>
</testsuite> <!-- Multiple_Browser_Practice.FaceBook -->
