<?xml version="1.0" encoding="UTF-8"?>
<!-- Generated by org.testng.reporters.JUnitReportReporter -->
<testsuite hostname="Azu" failures="0" tests="1" name="Oct30_TestNG.TestNG" time="0.005" errors="0" timestamp="2022-10-31T13:16:27 PDT" skipped="0">
  <testcase classname="Oct30_TestNG.TestNG" name="testcase" time="0.005"/>
  <system-out/>
</testsuite> <!-- Oct30_TestNG.TestNG -->
