<?xml version="1.0" encoding="UTF-8"?>
<!-- Generated by org.testng.reporters.JUnitReportReporter -->
<testsuite hostname="Azu" failures="0" tests="5" name="Oct30_TestNG.TestNG_2" time="19.867" errors="0" timestamp="2022-11-05T13:34:47 EDT" skipped="0">
  <testcase classname="Oct30_TestNG.TestNG_2" name="testcase1" time="4.726"/>
  <system-out/>
  <testcase classname="Oct30_TestNG.TestNG_2" name="testcase5" time="0.351"/>
  <system-out/>
  <testcase classname="Oct30_TestNG.TestNG_2" name="testcase4" time="8.734"/>
  <system-out/>
  <testcase classname="Oct30_TestNG.TestNG_2" name="testcase2" time="5.772"/>
  <system-out/>
  <testcase classname="Oct30_TestNG.TestNG_2" name="testcase3" time="0.284"/>
  <system-out/>
</testsuite> <!-- Oct30_TestNG.TestNG_2 -->
