<?xml version="1.0" encoding="UTF-8"?>
<!-- Generated by org.testng.reporters.JUnitReportReporter -->
<testsuite hostname="Azu" failures="0" tests="2" name="Assignment_Nov6th.Assignment_2" time="1.700" errors="0" timestamp="2022-11-09T16:07:35 EST" skipped="0">
  <testcase classname="Assignment_Nov6th.Assignment_2" name="createAccount" time="1.024"/>
  <system-out/>
  <testcase classname="Assignment_Nov6th.Assignment_2" name="LaunchUrl" time="0.676"/>
  <system-out/>
</testsuite> <!-- Assignment_Nov6th.Assignment_2 -->
