<?xml version="1.0" encoding="UTF-8"?>
<!-- Generated by org.testng.reporters.JUnitReportReporter -->
<testsuite hostname="Azu" failures="0" tests="5" name="Oct30_TestNG.TestNG_2" time="22.783" errors="0" timestamp="2022-11-02T14:35:57 PDT" skipped="0">
  <testcase classname="Oct30_TestNG.TestNG_2" name="testcase2" time="4.774"/>
  <system-out/>
  <testcase classname="Oct30_TestNG.TestNG_2" name="testcase1" time="7.257"/>
  <system-out/>
  <testcase classname="Oct30_TestNG.TestNG_2" name="testcase5" time="0.166"/>
  <system-out/>
  <testcase classname="Oct30_TestNG.TestNG_2" name="testcase4" time="9.448"/>
  <system-out/>
  <testcase classname="Oct30_TestNG.TestNG_2" name="testcase3" time="1.138"/>
  <system-out/>
</testsuite> <!-- Oct30_TestNG.TestNG_2 -->
