<?xml version="1.0" encoding="UTF-8"?>
<!-- Generated by org.testng.reporters.JUnitReportReporter -->
<testsuite hostname="Azu" failures="0" tests="1" name="testing_code_5thNov_Sat.Assertion" time="13.577" errors="0" timestamp="2022-11-05T12:18:47 EDT" skipped="0">
  <testcase classname="testing_code_5thNov_Sat.Assertion" name="logic1" time="13.577"/>
  <system-out/>
</testsuite> <!-- testing_code_5thNov_Sat.Assertion -->
