<?xml version="1.0" encoding="UTF-8"?>
<!-- Generated by org.testng.reporters.JUnitReportReporter -->
<testsuite hostname="Azu" failures="0" tests="1" name="nov13th_recording.Recording" time="13.901" errors="0" timestamp="2022-11-14T12:48:57 EST" skipped="0">
  <testcase classname="nov13th_recording.Recording" name="Rediff" time="13.901"/>
  <system-out/>
</testsuite> <!-- nov13th_recording.Recording -->
