<?xml version="1.0" encoding="UTF-8"?>
<!-- Generated by org.testng.reporters.JUnitReportReporter -->
<testsuite hostname="Azu" failures="0" tests="5" name="Oct30_TestNG.TestNG_6" time="4.525" errors="0" timestamp="2022-11-03T13:55:37 PDT" skipped="0">
  <testcase classname="Oct30_TestNG.TestNG_6" name="testcase2" time="1.731"/>
  <system-out/>
  <testcase classname="Oct30_TestNG.TestNG_6" name="testcase1" time="1.490"/>
  <system-out/>
  <testcase classname="Oct30_TestNG.TestNG_6" name="testcase5" time="0.180"/>
  <system-out/>
  <testcase classname="Oct30_TestNG.TestNG_6" name="testcase4" time="0.391"/>
  <system-out/>
  <testcase classname="Oct30_TestNG.TestNG_6" name="testcase3" time="0.733"/>
  <system-out/>
</testsuite> <!-- Oct30_TestNG.TestNG_6 -->
