<?xml version="1.0" encoding="UTF-8"?>
<!-- Generated by org.testng.reporters.JUnitReportReporter -->
<testsuite hostname="Azu" failures="0" tests="5" name="Oct30_TestNG.TestNG_4" time="1.453" errors="0" timestamp="2022-11-09T15:47:52 EST" skipped="0">
  <testcase classname="Oct30_TestNG.TestNG_4" name="testcase4" time="0.233"/>
  <system-out/>
  <testcase classname="Oct30_TestNG.TestNG_4" name="testcase3" time="0.458"/>
  <system-out/>
  <testcase classname="Oct30_TestNG.TestNG_4" name="testcase1" time="0.677"/>
  <system-out/>
  <testcase classname="Oct30_TestNG.TestNG_4" name="testcase5" time="0.036"/>
  <system-out/>
  <testcase classname="Oct30_TestNG.TestNG_4" name="testcase2" time="0.049"/>
  <system-out/>
</testsuite> <!-- Oct30_TestNG.TestNG_4 -->
