<?xml version="1.0" encoding="UTF-8"?>
<!-- Generated by org.testng.reporters.JUnitReportReporter -->
<testsuite hostname="Azu" failures="0" tests="3" name="testing_code_5thNov_Sat.Parameterization_Practice" time="2.078" errors="0" timestamp="2022-11-05T19:10:12 EDT" skipped="0">
  <testcase classname="testing_code_5thNov_Sat.Parameterization_Practice" name="signinLink" time="0.103"/>
  <system-out/>
  <testcase classname="testing_code_5thNov_Sat.Parameterization_Practice" name="loginCredidential" time="0.717"/>
  <system-out/>
  <testcase classname="testing_code_5thNov_Sat.Parameterization_Practice" name="usersignin" time="1.258"/>
  <system-out/>
</testsuite> <!-- testing_code_5thNov_Sat.Parameterization_Practice -->
