<?xml version="1.0" encoding="UTF-8"?>
<!-- Generated by org.testng.reporters.JUnitReportReporter -->
<testsuite hostname="Azu" failures="0" tests="2" name="nov12th_saturday.DataPovider_Concept" time="0.006" errors="0" timestamp="2022-11-12T16:26:44 EST" skipped="0">
  <testcase classname="nov12th_saturday.DataPovider_Concept" name="data" time="0.005"/>
  <system-out/>
  <testcase classname="nov12th_saturday.DataPovider_Concept" name="data" time="0.001"/>
  <system-out/>
</testsuite> <!-- nov12th_saturday.DataPovider_Concept -->
