<?xml version="1.0" encoding="UTF-8"?>
<!-- Generated by org.testng.reporters.JUnitReportReporter -->
<testsuite hostname="Azu" failures="0" tests="5" name="Oct30_TestNG.TestNG_5" time="7.369" errors="0" timestamp="2022-11-03T13:32:18 PDT" skipped="0">
  <testcase classname="Oct30_TestNG.TestNG_5" name="testcase1" time="4.895"/>
  <system-out/>
  <testcase classname="Oct30_TestNG.TestNG_5" name="testcase5" time="0.235"/>
  <system-out/>
  <testcase classname="Oct30_TestNG.TestNG_5" name="testcase4" time="0.188"/>
  <system-out/>
  <testcase classname="Oct30_TestNG.TestNG_5" name="testcase3" time="1.191"/>
  <system-out/>
  <testcase classname="Oct30_TestNG.TestNG_5" name="testcase2" time="0.860"/>
  <system-out/>
</testsuite> <!-- Oct30_TestNG.TestNG_5 -->
